\BOOKMARK [1][-]{section.1}{Introduction}{}% 1
\BOOKMARK [2][-]{subsection.1.1}{Problem Statement}{section.1}% 2
\BOOKMARK [2][-]{subsection.1.2}{Goal, scope and structure of this paper}{section.1}% 3
\BOOKMARK [1][-]{section.2}{Robot Interoperability}{}% 4
\BOOKMARK [2][-]{subsection.2.1}{Approach towards heterogeneous interoperability}{section.2}% 5
\BOOKMARK [2][-]{subsection.2.2}{Robot adaptation}{section.2}% 6
\BOOKMARK [2][-]{subsection.2.3}{Enabling robot collaboration}{section.2}% 7
\BOOKMARK [1][-]{section.3}{A Data Management Architecture for Search and Rescue Robots}{}% 8
\BOOKMARK [2][-]{subsection.3.1}{Robot Command and Control Interface}{section.3}% 9
\BOOKMARK [3][-]{subsubsection.3.1.1}{Architecture}{subsection.3.1}% 10
\BOOKMARK [3][-]{subsubsection.3.1.2}{GIS sensor data management}{subsection.3.1}% 11
\BOOKMARK [3][-]{subsubsection.3.1.3}{Mission planning and operations control}{subsection.3.1}% 12
\BOOKMARK [2][-]{subsection.3.2}{Data Fusion}{section.3}% 13
\BOOKMARK [3][-]{subsubsection.3.2.1}{Related Work}{subsection.3.2}% 14
\BOOKMARK [3][-]{subsubsection.3.2.2}{Processing Pipeline}{subsection.3.2}% 15
\BOOKMARK [3][-]{subsubsection.3.2.3}{Filtering and subsampling}{subsection.3.2}% 16
\BOOKMARK [3][-]{subsubsection.3.2.4}{Semantic classification}{subsection.3.2}% 17
\BOOKMARK [3][-]{subsubsection.3.2.5}{Semantic scan matching}{subsection.3.2}% 18
\BOOKMARK [3][-]{subsubsection.3.2.6}{6DSLAM}{subsection.3.2}% 19
\BOOKMARK [2][-]{subsection.3.3}{Comparison with State of the Art}{section.3}% 20
\BOOKMARK [1][-]{section.4}{High Performance Computing \(HPC\) in the Cloud for data fusion}{}% 21
\BOOKMARK [1][-]{section.5}{Virtual Training via the C2I Interface}{}% 22
\BOOKMARK [1][-]{section.6}{Experimental Results}{}% 23
\BOOKMARK [2][-]{subsection.6.1}{Experimental context}{section.6}% 24
\BOOKMARK [2][-]{subsection.6.2}{Search and Rescue Hardware}{section.6}% 25
\BOOKMARK [3][-]{subsubsection.6.2.1}{Unmanned Aerial Vehicles}{subsection.6.2}% 26
\BOOKMARK [3][-]{subsubsection.6.2.2}{UGV Robot System}{subsection.6.2}% 27
\BOOKMARK [2][-]{subsection.6.3}{Command and Control Station}{section.6}% 28
\BOOKMARK [2][-]{subsection.6.4}{Mission Planning and Robot Command and Control}{section.6}% 29
\BOOKMARK [2][-]{subsection.6.5}{Data gathered by individual platforms}{section.6}% 30
\BOOKMARK [3][-]{subsubsection.6.5.1}{AtlantikSolar UAV}{subsection.6.5}% 31
\BOOKMARK [3][-]{subsubsection.6.5.2}{MicroDrones MD4-1000 UAV}{subsection.6.5}% 32
\BOOKMARK [3][-]{subsubsection.6.5.3}{LIFT IV UAV}{subsection.6.5}% 33
\BOOKMARK [3][-]{subsubsection.6.5.4}{tEODor UGV}{subsection.6.5}% 34
\BOOKMARK [3][-]{subsubsection.6.5.5}{ZF 5010 - Husky UGV}{subsection.6.5}% 35
\BOOKMARK [3][-]{subsubsection.6.5.6}{Dr-Robot UGV}{subsection.6.5}% 36
\BOOKMARK [2][-]{subsection.6.6}{Data Fusion \046 Rendering}{section.6}% 37
\BOOKMARK [2][-]{subsection.6.7}{Use of gathered data for SAR training}{section.6}% 38
\BOOKMARK [2][-]{subsection.6.8}{Discussion and future improvements}{section.6}% 39
\BOOKMARK [1][-]{section.7}{Operational Validation}{}% 40
\BOOKMARK [2][-]{subsection.7.1}{Situational Overview}{section.7}% 41
\BOOKMARK [2][-]{subsection.7.2}{Bosnian relief mission}{section.7}% 42
\BOOKMARK [2][-]{subsection.7.3}{UAS deployment for relief operations support}{section.7}% 43
\BOOKMARK [2][-]{subsection.7.4}{UAS deployment for demining operations support}{section.7}% 44
\BOOKMARK [2][-]{subsection.7.5}{Data Fusion and sharing}{section.7}% 45
\BOOKMARK [2][-]{subsection.7.6}{Mission conclusions \046 feedback}{section.7}% 46
\BOOKMARK [1][-]{section.8}{Conclusions and Future Work}{}% 47
